[ 2013-04-17 13:24:12 ] array(1) 
	[user] => 2

[ 2013-04-17 13:24:19 ] array(1) 
	[user] => 2

[ 2013-04-17 13:25:03 ] array(1) 
	[user] => 2

[ 2013-04-17 13:25:03 ] array(1) 
	[user] => 2

[ 2013-04-17 13:25:06 ] array(1) 
	[user] => 2

[ 2013-04-17 13:25:06 ] array(1) 
	[user] => 2

[ 2013-04-17 13:25:07 ] array(1) 
	[user] => 2

[ 2013-04-17 13:25:07 ] array(1) 
	[user] => 2

[ 2013-04-17 13:25:07 ] array(1) 
	[user] => 2

[ 2013-04-17 13:25:08 ] array(1) 
	[user] => 2

[ 2013-04-17 13:27:18 ] array(1) 
	[user] => 2

[ 2013-04-17 13:27:19 ] array(1) 
	[user] => 2

[ 2013-04-17 13:31:06 ] array(1) 
	[user] => 2

[ 2013-04-17 13:31:06 ] array(1) 
	[user] => 2

[ 2013-04-24 20:54:32 ] string /tmp/phppmPjhv
[ 2013-04-24 20:55:26 ] string /var/www/labs-blog.com/public_html/profile/assets/upload/1366826126_836.jpg
[ 2013-04-24 20:56:27 ] string /var/www/labs-blog.com/public_html
[ 2013-04-24 20:56:58 ] string /profile/assets/upload
[ 2013-04-24 20:57:32 ] string /assets/upload
